  MyForm.cpp
C:\Users\Nadia\source\repos\TF_progra2\TF\Movil.h(79,71): warning C4244: 'argumento': conversión de 'float' a 'int'; posible pérdida de datos
C:\Users\Nadia\source\repos\TF_progra2\TF\Movil.h(79,64): warning C4244: 'argumento': conversión de 'float' a 'int'; posible pérdida de datos
C:\Users\Nadia\source\repos\TF_progra2\TF\Movil.h(79,56): warning C4244: 'argumento': conversión de 'float' a 'int'; posible pérdida de datos
C:\Users\Nadia\source\repos\TF_progra2\TF\Movil.h(79,39): warning C4244: 'argumento': conversión de 'float' a 'int'; posible pérdida de datos
C:\Users\Nadia\source\repos\TF_progra2\TF\Movil.h(80,60): warning C4244: 'argumento': conversión de 'float' a 'int'; posible pérdida de datos
C:\Users\Nadia\source\repos\TF_progra2\TF\Movil.h(80,45): warning C4244: 'argumento': conversión de 'float' a 'int'; posible pérdida de datos
C:\Users\Nadia\source\repos\TF_progra2\TF\Movil.h(88,47): warning C4244: 'argumento': conversión de 'float' a 'int'; posible pérdida de datos
C:\Users\Nadia\source\repos\TF_progra2\TF\Movil.h(88,32): warning C4244: 'argumento': conversión de 'float' a 'int'; posible pérdida de datos
C:\Users\Nadia\source\repos\TF_progra2\TF\Abogado.h(28,70): warning C4244: 'argumento': conversión de 'float' a 'int'; posible pérdida de datos
C:\Users\Nadia\source\repos\TF_progra2\TF\Abogado.h(28,63): warning C4244: 'argumento': conversión de 'float' a 'int'; posible pérdida de datos
C:\Users\Nadia\source\repos\TF_progra2\TF\Abogado.h(28,55): warning C4244: 'argumento': conversión de 'float' a 'int'; posible pérdida de datos
C:\Users\Nadia\source\repos\TF_progra2\TF\Abogado.h(28,38): warning C4244: 'argumento': conversión de 'float' a 'int'; posible pérdida de datos
C:\Users\Nadia\source\repos\TF_progra2\TF\Abogado.h(29,56): warning C4244: 'argumento': conversión de 'double' a 'int'; posible pérdida de datos
C:\Users\Nadia\source\repos\TF_progra2\TF\Abogado.h(29,44): warning C4244: 'argumento': conversión de 'double' a 'int'; posible pérdida de datos
C:\Users\Nadia\source\repos\TF_progra2\TF\Abogado.h(127,44): warning C4244: 'argumento': conversión de 'double' a 'int'; posible pérdida de datos
C:\Users\Nadia\source\repos\TF_progra2\TF\Abogado.h(127,32): warning C4244: 'argumento': conversión de 'double' a 'int'; posible pérdida de datos
C:\Users\Nadia\source\repos\TF_progra2\TF\Cuchillo.h(12,1): warning C4305: '=': truncamiento de 'double' a 'float'
C:\Users\Nadia\source\repos\TF_progra2\TF\Robot.h(25,54): warning C4244: 'argumento': conversión de 'double' a 'int'; posible pérdida de datos
C:\Users\Nadia\source\repos\TF_progra2\TF\Robot.h(25,42): warning C4244: 'argumento': conversión de 'double' a 'int'; posible pérdida de datos
C:\Users\Nadia\source\repos\TF_progra2\TF\Robot.h(48,44): warning C4244: 'argumento': conversión de 'double' a 'int'; posible pérdida de datos
C:\Users\Nadia\source\repos\TF_progra2\TF\Robot.h(48,32): warning C4244: 'argumento': conversión de 'double' a 'int'; posible pérdida de datos
C:\Users\Nadia\source\repos\TF_progra2\TF\Civil.h(29,54): warning C4244: 'argumento': conversión de 'double' a 'int'; posible pérdida de datos
C:\Users\Nadia\source\repos\TF_progra2\TF\Civil.h(29,42): warning C4244: 'argumento': conversión de 'double' a 'int'; posible pérdida de datos
C:\Users\Nadia\source\repos\TF_progra2\TF\Civil.h(50,44): warning C4244: 'argumento': conversión de 'double' a 'int'; posible pérdida de datos
C:\Users\Nadia\source\repos\TF_progra2\TF\Civil.h(50,32): warning C4244: 'argumento': conversión de 'double' a 'int'; posible pérdida de datos
C:\Users\Nadia\source\repos\TF_progra2\TF\Soldado.h(28,54): warning C4244: 'argumento': conversión de 'double' a 'int'; posible pérdida de datos
C:\Users\Nadia\source\repos\TF_progra2\TF\Soldado.h(28,42): warning C4244: 'argumento': conversión de 'double' a 'int'; posible pérdida de datos
C:\Users\Nadia\source\repos\TF_progra2\TF\Soldado.h(49,44): warning C4244: 'argumento': conversión de 'double' a 'int'; posible pérdida de datos
C:\Users\Nadia\source\repos\TF_progra2\TF\Soldado.h(49,32): warning C4244: 'argumento': conversión de 'double' a 'int'; posible pérdida de datos
C:\Users\Nadia\source\repos\TF_progra2\TF\Aliado.h(24,79): warning C4244: 'argumento': conversión de 'float' a 'int'; posible pérdida de datos
C:\Users\Nadia\source\repos\TF_progra2\TF\Aliado.h(24,72): warning C4244: 'argumento': conversión de 'float' a 'int'; posible pérdida de datos
C:\Users\Nadia\source\repos\TF_progra2\TF\Aliado.h(24,64): warning C4244: 'argumento': conversión de 'float' a 'int'; posible pérdida de datos
C:\Users\Nadia\source\repos\TF_progra2\TF\Aliado.h(24,47): warning C4244: 'argumento': conversión de 'float' a 'int'; posible pérdida de datos
C:\Users\Nadia\source\repos\TF_progra2\TF\Aliado.h(25,57): warning C4244: 'argumento': conversión de 'double' a 'int'; posible pérdida de datos
C:\Users\Nadia\source\repos\TF_progra2\TF\Aliado.h(25,45): warning C4244: 'argumento': conversión de 'double' a 'int'; posible pérdida de datos
C:\Users\Nadia\source\repos\TF_progra2\TF\Aliado.h(90,44): warning C4244: 'argumento': conversión de 'double' a 'int'; posible pérdida de datos
C:\Users\Nadia\source\repos\TF_progra2\TF\Aliado.h(90,32): warning C4244: 'argumento': conversión de 'double' a 'int'; posible pérdida de datos
C:\Users\Nadia\source\repos\TF_progra2\TF\Ave.h(22,54): warning C4244: 'argumento': conversión de 'double' a 'int'; posible pérdida de datos
C:\Users\Nadia\source\repos\TF_progra2\TF\Ave.h(22,42): warning C4244: 'argumento': conversión de 'double' a 'int'; posible pérdida de datos
C:\Users\Nadia\source\repos\TF_progra2\TF\Controlador.h(47,75): warning C4244: 'argumento': conversión de 'int' a 'float'; posible pérdida de datos
C:\Users\Nadia\source\repos\TF_progra2\TF\Controlador.h(47,52): warning C4244: 'argumento': conversión de 'int' a 'float'; posible pérdida de datos
C:\Users\Nadia\source\repos\TF_progra2\TF\Controlador.h(48,83): warning C4244: 'argumento': conversión de 'int' a 'float'; posible pérdida de datos
C:\Users\Nadia\source\repos\TF_progra2\TF\Controlador.h(48,59): warning C4244: 'argumento': conversión de 'int' a 'float'; posible pérdida de datos
C:\Users\Nadia\source\repos\TF_progra2\TF\Controlador.h(49,84): warning C4244: 'argumento': conversión de 'int' a 'float'; posible pérdida de datos
C:\Users\Nadia\source\repos\TF_progra2\TF\Controlador.h(49,60): warning C4244: 'argumento': conversión de 'int' a 'float'; posible pérdida de datos
C:\Users\Nadia\source\repos\TF_progra2\TF\Controlador.h(50,81): warning C4244: 'argumento': conversión de 'int' a 'float'; posible pérdida de datos
C:\Users\Nadia\source\repos\TF_progra2\TF\Controlador.h(50,54): warning C4244: 'argumento': conversión de 'int' a 'float'; posible pérdida de datos
C:\Users\Nadia\source\repos\TF_progra2\TF\Controlador.h(53,115): warning C4244: 'argumento': conversión de 'int' a 'float'; posible pérdida de datos
C:\Users\Nadia\source\repos\TF_progra2\TF\Controlador.h(53,85): warning C4244: 'argumento': conversión de 'int' a 'float'; posible pérdida de datos
C:\Users\Nadia\source\repos\TF_progra2\TF\Controlador.h(73,74): warning C4244: 'argumento': conversión de 'int' a 'float'; posible pérdida de datos
C:\Users\Nadia\source\repos\TF_progra2\TF\Controlador.h(73,46): warning C4244: 'argumento': conversión de 'int' a 'float'; posible pérdida de datos
C:\Users\Nadia\source\repos\TF_progra2\TF\Controlador.h(109,80): warning C4244: 'argumento': conversión de 'int' a 'float'; posible pérdida de datos
C:\Users\Nadia\source\repos\TF_progra2\TF\Controlador.h(109,68): warning C4244: 'argumento': conversión de 'int' a 'float'; posible pérdida de datos
C:\Users\Nadia\source\repos\TF_progra2\TF\Historia.h(1,1): warning C4819: El archivo contiene un carácter que no se puede representar en la página de códigos actual (932). Guarde el archivo con formato Unicode para evitar la pérdida de datos
C:\Users\Nadia\source\repos\TF_progra2\TF\FmrInstrucciones.h(1,1): warning C4819: El archivo contiene un carácter que no se puede representar en la página de códigos actual (932). Guarde el archivo con formato Unicode para evitar la pérdida de datos
C:\Users\Nadia\source\repos\TF_progra2\TF\FrmCreditos.h(1,1): warning C4819: El archivo contiene un carácter que no se puede representar en la página de códigos actual (932). Guarde el archivo con formato Unicode para evitar la pérdida de datos
  .NETFramework,Version=v4.7.2.AssemblyAttributes.cpp
  Generando código...
  MyForm.obj : se encontró un módulo MSIL; vinculación incremental deshabilitada para MSIL; ejecutando vínculo completo
  TF.vcxproj -> C:\Users\Nadia\source\repos\TF_progra2\x64\Debug\TF.exe
